<?xml version="1.0" encoding="UTF-8"?>
<!-- Generated by org.testng.reporters.JUnitReportReporter -->
<testsuite hostname="DESKTOP-8QQ1PFE" failures="0" tests="10" name="Practicing" time="0.318" errors="0" timestamp="2025-01-06T23:11:50 EET" skipped="9">
  <testcase classname="Practicing" name="Table" time="0.318"/>
  <system-out/>
  <testcase classname="Practicing" name="FifthTest">
    <skipped/>
  </testcase> <!-- FifthTest -->
  <system-out/>
  <testcase classname="Practicing" name="Tabs">
    <skipped/>
  </testcase> <!-- Tabs -->
  <system-out/>
  <testcase classname="Practicing" name="SixthTest">
    <skipped/>
  </testcase> <!-- SixthTest -->
  <system-out/>
  <testcase classname="Practicing" name="windows">
    <skipped/>
  </testcase> <!-- windows -->
  <system-out/>
  <testcase classname="Practicing" name="FirstTest">
    <skipped/>
  </testcase> <!-- FirstTest -->
  <system-out/>
  <testcase classname="Practicing" name="FourthTest">
    <skipped/>
  </testcase> <!-- FourthTest -->
  <system-out/>
  <testcase classname="Practicing" name="SeventhTest">
    <skipped/>
  </testcase> <!-- SeventhTest -->
  <system-out/>
  <testcase classname="Practicing" name="SecondTest">
    <skipped/>
  </testcase> <!-- SecondTest -->
  <system-out/>
  <testcase classname="Practicing" name="ThirdTest">
    <skipped/>
  </testcase> <!-- ThirdTest -->
  <system-out/>
</testsuite> <!-- Practicing -->
